<?xml version="1.0" encoding="UTF-8"?>
<!-- Generated by org.testng.reporters.JUnitReportReporter -->
<testsuite skipped="0" hostname="sagars-MacBook-Pro.local" name="verifyUserAPIWithBlank" tests="1" failures="0" timestamp="2021-06-10T09:40:39 IST" time="2.234" errors="0">
  <testcase name="verifyUserCreateWithBlankData" time="2.234" classname="verifyUserAPIWithBlank"/>
</testsuite> <!-- verifyUserAPIWithBlank -->
